<?xml version="1.0" encoding="UTF-8"?>
<!-- Generated by org.testng.reporters.JUnitReportReporter -->
<testsuite hostname="DESKTOP-PQDG2T8" failures="0" tests="1" name="com.automation.testcases.LoginTestCRM" time="4.509" errors="0" timestamp="25 Apr 2021 14:23:44 GMT" skipped="0">
  <testcase classname="com.automation.testcases.LoginTestCRM" name="loginApp" time="4.509"/>
</testsuite> <!-- com.automation.testcases.LoginTestCRM -->
